{
  "RSpec": {
    "coverage": {
      "/Users/jamazing/Desktop/FarMar/lib/market.rb": [

      ],
      "/Users/jamazing/Desktop/FarMar/specs/product_spec.rb": [
        1,
        1,
        null,
        1,
        null,
        null
      ],
      "/Users/jamazing/Desktop/FarMar/lib/product.rb": [

      ],
      "/Users/jamazing/Desktop/FarMar/specs/sale_spec.rb": [
        1,
        1,
        null,
        1,
        null,
        null
      ],
      "/Users/jamazing/Desktop/FarMar/lib/sale.rb": [

      ],
      "/Users/jamazing/Desktop/FarMar/specs/vendor_spec.rb": [
        1,
        1,
        null,
        null,
        null,
        1,
        1,
        1,
        null,
        null,
        1,
        1,
        1,
        null,
        null,
        null
      ],
      "/Users/jamazing/Desktop/FarMar/lib/vendor.rb": [
        1,
        null,
        1,
        null,
        null
      ],
      "/Users/jamazing/Desktop/FarMar/far_mar.rb": [
        null,
        null,
        1,
        null,
        null,
        1,
        null,
        null,
        1,
        null,
        null
      ]
    },
    "timestamp": 1473141742
  }
}
